<?xml version="1.0" encoding="UTF-8"?>
<!-- Generated by org.testng.reporters.JUnitReportReporter -->
<testsuite hostname="IITC-WS-NB49" name="module.BaseClass" tests="3" failures="0" timestamp="31 May 2016 13:26:01 GMT" time="29.336" errors="0">
  <testcase name="test2" time="10.712" classname="module.BaseClass"/>
  <testcase name="test3" time="10.055" classname="module.BaseClass"/>
  <testcase name="test1" time="8.569" classname="module.BaseClass"/>
</testsuite> <!-- module.BaseClass -->
